[2024-01-27 18:34:29] [javac-extractor-21577] Starting extraction for:
                                              sun.java.command=com.semmle.extractor.java.JavaExtractor --jdk-version 17 --javac-args @@@/home/nic-lovin/Documents/ctf/real/codeql/simple-java-maven-app/yolo/log/ext/javac-1.args
                                              user.dir=/home/nic-lovin/Documents/ctf/real/codeql/simple-java-maven-app
[2024-01-27 18:34:29] [javac-extractor-21577] Compilation name /home/nic-lovin/Documents/ctf/real/codeql/simple-java-maven-app/yolo/trap/java/diagnostics/diagnostic-1.trap.gz
[2024-01-27 18:34:29] [javac-extractor-21577] [WARN] Appending source destination directory /home/nic-lovin/Documents/ctf/real/codeql/simple-java-maven-app/target/generated-test-sources/test-annotations to sourcepath
[2024-01-27 18:34:30] [javac-extractor-21577] Annotation processor class 'lombok.launch.AnnotationProcessorHider$AnnotationProcessor' initialized.
[2024-01-27 18:34:30] [javac-extractor-21577] Annotation processor class 'lombok.launch.AnnotationProcessorHider$ClaimingProcessor' initialized.
[2024-01-27 18:34:30] [javac-extractor-21577] Processing file /home/nic-lovin/Documents/ctf/real/codeql/simple-java-maven-app/src/test/java/com/mycompany/app/AppTest.java
[2024-01-27 18:34:30] [javac-extractor-21577] [WARN] Not rewriting trap file for /home/nic-lovin/Documents/ctf/real/codeql/simple-java-maven-app/yolo/trap/java/classes/java/lang/Object.members/Object.members#61.0-1674729376000-java.trap.gz as it exists
[2024-01-27 18:34:30] [javac-extractor-21577] [WARN] Not rewriting trap file for /home/nic-lovin/Documents/ctf/real/codeql/simple-java-maven-app/yolo/trap/java/classes/com/mycompany/app/App.members/App.members#52.0-1706398467417-java.trap.gz as /home/nic-lovin/Documents/ctf/real/codeql/simple-java-maven-app/yolo/trap/java/classes/com/mycompany/app/App.members/App.members#0.0-1706398447377-java.trap.gz exists
[2024-01-27 18:34:30] [javac-extractor-21577] [WARN] Not rewriting trap file for /home/nic-lovin/Documents/ctf/real/codeql/simple-java-maven-app/yolo/trap/java/classes/java/lang/String.members/String.members#61.0-1674729376000-java.trap.gz as it exists
[2024-01-27 18:34:30] [javac-extractor-21577] [WARN] Not rewriting trap file for /home/nic-lovin/Documents/ctf/real/codeql/simple-java-maven-app/yolo/trap/java/classes/java/lang/annotation/Annotation.members/Annotation.members#61.0-1674729376000-java.trap.gz as it exists
[2024-01-27 18:34:30] [javac-extractor-21577] [WARN] Not rewriting trap file for /home/nic-lovin/Documents/ctf/real/codeql/simple-java-maven-app/yolo/trap/java/classes/java/lang/annotation/Documented.members/Documented.members#61.0-1674729376000-java.trap.gz as it exists
[2024-01-27 18:34:30] [javac-extractor-21577] [WARN] Not rewriting trap file for /home/nic-lovin/Documents/ctf/real/codeql/simple-java-maven-app/yolo/trap/java/classes/java/lang/annotation/Retention.members/Retention.members#61.0-1674729376000-java.trap.gz as it exists
[2024-01-27 18:34:30] [javac-extractor-21577] [WARN] Not rewriting trap file for /home/nic-lovin/Documents/ctf/real/codeql/simple-java-maven-app/yolo/trap/java/classes/java/lang/annotation/RetentionPolicy.members/RetentionPolicy.members#61.0-1674729376000-java.trap.gz as it exists
[2024-01-27 18:34:30] [javac-extractor-21577] [WARN] Not rewriting trap file for /home/nic-lovin/Documents/ctf/real/codeql/simple-java-maven-app/yolo/trap/java/classes/java/lang/annotation/Target.members/Target.members#61.0-1674729376000-java.trap.gz as it exists
[2024-01-27 18:34:30] [javac-extractor-21577] [WARN] Not rewriting trap file for /home/nic-lovin/Documents/ctf/real/codeql/simple-java-maven-app/yolo/trap/java/classes/java/lang/annotation/ElementType.members/ElementType.members#61.0-1674729376000-java.trap.gz as it exists
[2024-01-27 18:34:30] [javac-extractor-21577] [WARN] Not rewriting trap file for /home/nic-lovin/Documents/ctf/real/codeql/simple-java-maven-app/yolo/trap/java/classes/java/lang/Cloneable.members/Cloneable.members#61.0-1674729376000-java.trap.gz as it exists
[2024-01-27 18:34:30] [javac-extractor-21577] [WARN] Not rewriting trap file for /home/nic-lovin/Documents/ctf/real/codeql/simple-java-maven-app/yolo/trap/java/classes/java/io/Serializable.members/Serializable.members#61.0-1674729376000-java.trap.gz as it exists
[2024-01-27 18:34:30] [javac-extractor-21577] [WARN] Not rewriting trap file for /home/nic-lovin/Documents/ctf/real/codeql/simple-java-maven-app/yolo/trap/java/classes/java/lang/Class.members/Class.members#61.0-1674729376000-java.trap.gz as it exists
[2024-01-27 18:34:30] [javac-extractor-21577] [WARN] Not rewriting trap file for /home/nic-lovin/Documents/ctf/real/codeql/simple-java-maven-app/yolo/trap/java/classes/java/lang/reflect/GenericDeclaration.members/GenericDeclaration.members#61.0-1674729376000-java.trap.gz as it exists
[2024-01-27 18:34:30] [javac-extractor-21577] [WARN] Not rewriting trap file for /home/nic-lovin/Documents/ctf/real/codeql/simple-java-maven-app/yolo/trap/java/classes/java/lang/reflect/Type.members/Type.members#61.0-1674729376000-java.trap.gz as it exists
[2024-01-27 18:34:30] [javac-extractor-21577] [WARN] Not rewriting trap file for /home/nic-lovin/Documents/ctf/real/codeql/simple-java-maven-app/yolo/trap/java/classes/java/lang/reflect/AnnotatedElement.members/AnnotatedElement.members#61.0-1674729376000-java.trap.gz as it exists
[2024-01-27 18:34:30] [javac-extractor-21577] [WARN] Not rewriting trap file for /home/nic-lovin/Documents/ctf/real/codeql/simple-java-maven-app/yolo/trap/java/classes/java/lang/invoke/TypeDescriptor$OfField.members/TypeDescriptor$OfField.members#61.0-1674729376000-java.trap.gz as it exists
[2024-01-27 18:34:30] [javac-extractor-21577] [WARN] Not rewriting trap file for /home/nic-lovin/Documents/ctf/real/codeql/simple-java-maven-app/yolo/trap/java/classes/java/lang/invoke/TypeDescriptor.members/TypeDescriptor.members#61.0-1674729376000-java.trap.gz as it exists
[2024-01-27 18:34:30] [javac-extractor-21577] [WARN] Not rewriting trap file for /home/nic-lovin/Documents/ctf/real/codeql/simple-java-maven-app/yolo/trap/java/classes/java/lang/constant/Constable.members/Constable.members#61.0-1674729376000-java.trap.gz as it exists
[2024-01-27 18:34:30] [javac-extractor-21577] [WARN] Not rewriting trap file for /home/nic-lovin/Documents/ctf/real/codeql/simple-java-maven-app/yolo/trap/java/classes/java/util/function/Supplier.members/Supplier.members#61.0-1674729376000-java.trap.gz as it exists
[2024-01-27 18:34:30] [javac-extractor-21577] [WARN] Not rewriting trap file for /home/nic-lovin/Documents/ctf/real/codeql/simple-java-maven-app/yolo/trap/java/classes/java/lang/FunctionalInterface.members/FunctionalInterface.members#61.0-1674729376000-java.trap.gz as it exists
[2024-01-27 18:34:30] [javac-extractor-21577] [WARN] Not rewriting trap file for /home/nic-lovin/Documents/ctf/real/codeql/simple-java-maven-app/yolo/trap/java/classes/java/time/Duration.members/Duration.members#61.0-1674729376000-java.trap.gz as it exists
[2024-01-27 18:34:30] [javac-extractor-21577] [WARN] Not rewriting trap file for /home/nic-lovin/Documents/ctf/real/codeql/simple-java-maven-app/yolo/trap/java/classes/java/lang/Throwable.members/Throwable.members#61.0-1674729376000-java.trap.gz as it exists
[2024-01-27 18:34:30] [javac-extractor-21577] [WARN] Not rewriting trap file for /home/nic-lovin/Documents/ctf/real/codeql/simple-java-maven-app/yolo/trap/java/classes/java/util/stream/Stream.members/Stream.members#61.0-1674729376000-java.trap.gz as it exists
[2024-01-27 18:34:30] [javac-extractor-21577] [WARN] Not rewriting trap file for /home/nic-lovin/Documents/ctf/real/codeql/simple-java-maven-app/yolo/trap/java/classes/java/util/stream/BaseStream.members/BaseStream.members#61.0-1674729376000-java.trap.gz as it exists
[2024-01-27 18:34:30] [javac-extractor-21577] [WARN] Not rewriting trap file for /home/nic-lovin/Documents/ctf/real/codeql/simple-java-maven-app/yolo/trap/java/classes/java/lang/AutoCloseable.members/AutoCloseable.members#61.0-1674729376000-java.trap.gz as it exists
[2024-01-27 18:34:30] [javac-extractor-21577] [WARN] Not rewriting trap file for /home/nic-lovin/Documents/ctf/real/codeql/simple-java-maven-app/yolo/trap/java/classes/java/util/Collection.members/Collection.members#61.0-1674729376000-java.trap.gz as it exists
[2024-01-27 18:34:30] [javac-extractor-21577] [WARN] Not rewriting trap file for /home/nic-lovin/Documents/ctf/real/codeql/simple-java-maven-app/yolo/trap/java/classes/java/lang/Iterable.members/Iterable.members#61.0-1674729376000-java.trap.gz as it exists
[2024-01-27 18:34:30] [javac-extractor-21577] [WARN] Not rewriting trap file for /home/nic-lovin/Documents/ctf/real/codeql/simple-java-maven-app/yolo/trap/java/classes/java/lang/Character.members/Character.members#61.0-1674729376000-java.trap.gz as it exists
[2024-01-27 18:34:30] [javac-extractor-21577] [WARN] Not rewriting trap file for /home/nic-lovin/Documents/ctf/real/codeql/simple-java-maven-app/yolo/trap/java/classes/java/lang/Double.members/Double.members#61.0-1674729376000-java.trap.gz as it exists
[2024-01-27 18:34:30] [javac-extractor-21577] [WARN] Not rewriting trap file for /home/nic-lovin/Documents/ctf/real/codeql/simple-java-maven-app/yolo/trap/java/classes/java/lang/Long.members/Long.members#61.0-1674729376000-java.trap.gz as it exists
[2024-01-27 18:34:30] [javac-extractor-21577] [WARN] Not rewriting trap file for /home/nic-lovin/Documents/ctf/real/codeql/simple-java-maven-app/yolo/trap/java/classes/java/lang/Integer.members/Integer.members#61.0-1674729376000-java.trap.gz as it exists
[2024-01-27 18:34:30] [javac-extractor-21577] [WARN] Not rewriting trap file for /home/nic-lovin/Documents/ctf/real/codeql/simple-java-maven-app/yolo/trap/java/classes/java/util/List.members/List.members#61.0-1674729376000-java.trap.gz as it exists
[2024-01-27 18:34:30] [javac-extractor-21577] [WARN] Not rewriting trap file for /home/nic-lovin/Documents/ctf/real/codeql/simple-java-maven-app/yolo/trap/java/classes/java/lang/Enum.members/Enum.members#61.0-1674729376000-java.trap.gz as it exists
[2024-01-27 18:34:30] [javac-extractor-21577] [WARN] Not rewriting trap file for /home/nic-lovin/Documents/ctf/real/codeql/simple-java-maven-app/yolo/trap/java/classes/java/lang/Comparable.members/Comparable.members#61.0-1674729376000-java.trap.gz as it exists
[2024-01-27 18:34:30] [javac-extractor-21577] [WARN] Not rewriting trap file for /home/nic-lovin/Documents/ctf/real/codeql/simple-java-maven-app/yolo/trap/java/classes/java/util/Optional.members/Optional.members#61.0-1674729376000-java.trap.gz as it exists
[2024-01-27 18:34:30] [javac-extractor-21577] [WARN] Not rewriting trap file for /home/nic-lovin/Documents/ctf/real/codeql/simple-java-maven-app/yolo/trap/java/classes/jdk/internal/ValueBased.members/ValueBased.members#61.0-1674729376000-java.trap.gz as it exists
[2024-01-27 18:34:30] [javac-extractor-21577] [WARN] Not rewriting trap file for /home/nic-lovin/Documents/ctf/real/codeql/simple-java-maven-app/yolo/trap/java/classes/java/lang/Enum$EnumDesc.members/Enum$EnumDesc.members#61.0-1674729376000-java.trap.gz as it exists
[2024-01-27 18:34:30] [javac-extractor-21577] [WARN] Not rewriting trap file for /home/nic-lovin/Documents/ctf/real/codeql/simple-java-maven-app/yolo/trap/java/classes/java/lang/constant/DynamicConstantDesc.members/DynamicConstantDesc.members#61.0-1674729376000-java.trap.gz as it exists
[2024-01-27 18:34:30] [javac-extractor-21577] [WARN] Not rewriting trap file for /home/nic-lovin/Documents/ctf/real/codeql/simple-java-maven-app/yolo/trap/java/classes/java/lang/constant/ConstantDesc.members/ConstantDesc.members#61.0-1674729376000-java.trap.gz as it exists
[2024-01-27 18:34:30] [javac-extractor-21577] [WARN] Not rewriting trap file for /home/nic-lovin/Documents/ctf/real/codeql/simple-java-maven-app/yolo/trap/java/classes/java/lang/CloneNotSupportedException.members/CloneNotSupportedException.members#61.0-1674729376000-java.trap.gz as it exists
[2024-01-27 18:34:30] [javac-extractor-21577] [WARN] Not rewriting trap file for /home/nic-lovin/Documents/ctf/real/codeql/simple-java-maven-app/yolo/trap/java/classes/java/lang/Number.members/Number.members#61.0-1674729376000-java.trap.gz as it exists
[2024-01-27 18:34:30] [javac-extractor-21577] [WARN] Not rewriting trap file for /home/nic-lovin/Documents/ctf/real/codeql/simple-java-maven-app/yolo/trap/java/classes/java/lang/invoke/MethodHandles$Lookup.members/MethodHandles$Lookup.members#61.0-1674729376000-java.trap.gz as it exists
[2024-01-27 18:34:30] [javac-extractor-21577] [WARN] Not rewriting trap file for /home/nic-lovin/Documents/ctf/real/codeql/simple-java-maven-app/yolo/trap/java/classes/jdk/internal/vm/annotation/IntrinsicCandidate.members/IntrinsicCandidate.members#61.0-1674729376000-java.trap.gz as it exists
[2024-01-27 18:34:30] [javac-extractor-21577] [WARN] Not rewriting trap file for /home/nic-lovin/Documents/ctf/real/codeql/simple-java-maven-app/yolo/trap/java/classes/java/lang/Deprecated.members/Deprecated.members#61.0-1674729376000-java.trap.gz as it exists
[2024-01-27 18:34:30] [javac-extractor-21577] [WARN] Not rewriting trap file for /home/nic-lovin/Documents/ctf/real/codeql/simple-java-maven-app/yolo/trap/java/classes/java/lang/NumberFormatException.members/NumberFormatException.members#61.0-1674729376000-java.trap.gz as it exists
[2024-01-27 18:34:30] [javac-extractor-21577] [WARN] Not rewriting trap file for /home/nic-lovin/Documents/ctf/real/codeql/simple-java-maven-app/yolo/trap/java/classes/java/lang/Error.members/Error.members#61.0-1674729376000-java.trap.gz as it exists
[2024-01-27 18:34:30] [javac-extractor-21577] Processing JAR file: /home/nic-lovin/.m2/repository/org/junit/jupiter/junit-jupiter-api/5.10.1/junit-jupiter-api-5.10.1.jar
[2024-01-27 18:34:30] [javac-extractor-21577] Processing JAR file: /home/nic-lovin/.m2/repository/org/apiguardian/apiguardian-api/1.1.2/apiguardian-api-1.1.2.jar
[2024-01-27 18:34:30] [javac-extractor-21577] Processing JAR file: /home/nic-lovin/.m2/repository/org/junit/platform/junit-platform-commons/1.10.1/junit-platform-commons-1.10.1.jar
[2024-01-27 18:34:30] [javac-extractor-21577] Processing JAR file: /home/nic-lovin/.m2/repository/org/opentest4j/opentest4j/1.3.0/opentest4j-1.3.0.jar
[2024-01-27 18:34:30] [javac-extractor-21577] Javac init time: 0.5s
[2024-01-27 18:34:30] [javac-extractor-21577] Javac attr time: 0.0s
[2024-01-27 18:34:30] [javac-extractor-21577] Extractor time: 0.2s
[2024-01-27 18:34:30] [javac-extractor-21577] Other time: 0.2s
[2024-01-27 18:34:30] [javac-extractor-21577] Total time: 0.9s
